2020-10-11T19:03:28.215-0500 INFO Starting Application on DESKTOP-327J4RB with PID 18632 (C:\Users\yefer\Documents\NetBeansProjects\applicationZemsania\target\classes started by yefer in C:\Users\yefer\Documents\NetBeansProjects\applicationZemsania)
2020-10-11T19:03:28.218-0500 DEBUG Running with Spring Boot v2.3.4.RELEASE, Spring v5.2.9.RELEASE
2020-10-11T19:03:28.218-0500 INFO No active profile set, falling back to default profiles: default
2020-10-11T19:03:32.568-0500 INFO Started Application in 4.761 seconds (JVM running for 6.59)
2020-10-11T19:03:43.747-0500 INFO admin2 Datos incorrectos en el logueo
2020-10-11T19:39:33.580-0500 INFO Starting Application on DESKTOP-327J4RB with PID 12656 (C:\Users\yefer\Documents\NetBeansProjects\applicationZemsania\target\classes started by yefer in C:\Users\yefer\Documents\NetBeansProjects\applicationZemsania)
2020-10-11T19:39:33.582-0500 DEBUG Running with Spring Boot v2.3.4.RELEASE, Spring v5.2.9.RELEASE
2020-10-11T19:39:33.583-0500 INFO No active profile set, falling back to default profiles: default
2020-10-11T19:39:53.025-0500 INFO Started Application in 20.464 seconds (JVM running for 24.979)
2020-10-11T19:40:28.980-0500 DEBUG admin Logueo exitoso
2020-10-11T19:54:21.988-0500 INFO Starting Application on DESKTOP-327J4RB with PID 21048 (C:\Users\yefer\Documents\NetBeansProjects\applicationZemsania\target\classes started by yefer in C:\Users\yefer\Documents\NetBeansProjects\applicationZemsania)
2020-10-11T19:54:21.992-0500 DEBUG Running with Spring Boot v2.3.4.RELEASE, Spring v5.2.9.RELEASE
2020-10-11T19:54:21.993-0500 INFO No active profile set, falling back to default profiles: default
2020-10-11T19:54:25.983-0500 INFO Started Application in 4.48 seconds (JVM running for 6.132)
2020-10-11T22:07:34.034-0500 INFO Starting Application on DESKTOP-327J4RB with PID 13628 (C:\Users\yefer\Documents\NetBeansProjects\applicationZemsania\target\classes started by yefer in C:\Users\yefer\Documents\NetBeansProjects\applicationZemsania)
2020-10-11T22:07:34.038-0500 DEBUG Running with Spring Boot v2.3.4.RELEASE, Spring v5.2.9.RELEASE
2020-10-11T22:07:34.039-0500 INFO No active profile set, falling back to default profiles: default
2020-10-11T22:07:55.470-0500 INFO Started Application in 26.264 seconds (JVM running for 41.538)
2020-10-11T22:10:35.089-0500 INFO Starting Application on DESKTOP-327J4RB with PID 15148 (C:\Users\yefer\Documents\NetBeansProjects\applicationZemsania\target\classes started by yefer in C:\Users\yefer\Documents\NetBeansProjects\applicationZemsania)
2020-10-11T22:10:35.093-0500 DEBUG Running with Spring Boot v2.3.4.RELEASE, Spring v5.2.9.RELEASE
2020-10-11T22:10:35.094-0500 INFO No active profile set, falling back to default profiles: default
2020-10-11T22:10:40.645-0500 INFO Started Application in 6.14 seconds (JVM running for 8.145)
2020-10-11T22:12:22.227-0500 DEBUG admin Logueo exitoso
2020-10-11T22:15:00.062-0500 INFO Starting Application on DESKTOP-327J4RB with PID 15324 (C:\Users\yefer\Documents\NetBeansProjects\applicationZemsania\target\classes started by yefer in C:\Users\yefer\Documents\NetBeansProjects\applicationZemsania)
2020-10-11T22:15:00.067-0500 DEBUG Running with Spring Boot v2.3.4.RELEASE, Spring v5.2.9.RELEASE
2020-10-11T22:15:00.069-0500 INFO No active profile set, falling back to default profiles: default
2020-10-11T22:19:02.165-0500 INFO Starting Application on DESKTOP-327J4RB with PID 21092 (C:\Users\yefer\Documents\NetBeansProjects\applicationZemsania\target\classes started by yefer in C:\Users\yefer\Documents\NetBeansProjects\applicationZemsania)
2020-10-11T22:19:02.168-0500 DEBUG Running with Spring Boot v2.3.4.RELEASE, Spring v5.2.9.RELEASE
2020-10-11T22:19:02.169-0500 INFO No active profile set, falling back to default profiles: default
2020-10-11T22:19:06.586-0500 INFO Started Application in 4.927 seconds (JVM running for 6.689)
2020-10-11T22:25:08.325-0500 DEBUG root Logueo exitoso
